Device ID                 : 32
Device Revision           : 1
Firmware Revision         : 3.13
IPMI Version              : 2.0
Manufacturer ID           : 28458
Manufacturer Name         : Nokia Solutions and Networks
Product ID                : 3618 (0x0e22)
Product Name              : Unknown (0xE22)
Device Available          : yes
Provides Device SDRs      : yes
Additional Device Support :
    Sensor Device
    SDR Repository Device
    SEL Device
    FRU Inventory Device
    IPMB Event Receiver
    IPMB Event Generator
    Chassis Device
Aux Firmware Rev Info     : 
    0x00
    0x00
    0x00
    0x00
