Device ID                 : 32
Device Revision           : 0
Firmware Revision         : 3.00
IPMI Version              : 2.0
Manufacturer ID           : 40482
Manufacturer Name         : Unknown (0x9E22)
Product ID                : 16 (0x0010)
Product Name              : Unknown (0x10)
Device Available          : yes
Provides Device SDRs      : yes
Additional Device Support :
    Sensor Device
    SEL Device
    FRU Inventory Device
    Chassis Device
Aux Firmware Rev Info     : 
    0x00
    0x0d
    0x00
    0x22
