2a:00.0 Ethernet controller: Mellanox Technologies MT2892 Family [ConnectX-6 Dx]
debug1
0000:2a:00.0
debug2
LnkCap:	Port #0, Speed 16GT/s, Width x16, ASPM not supported
LnkSta:	Speed 16GT/s (ok), Width x16 (ok)

	Speed: Unknown!
	Duplex: Unknown! (255)
	Link detected: no (No cable)

2a:00.1 Ethernet controller: Mellanox Technologies MT2892 Family [ConnectX-6 Dx]
debug1
0000:2a:00.1
debug2
LnkCap:	Port #0, Speed 16GT/s, Width x16, ASPM not supported
LnkSta:	Speed 16GT/s (ok), Width x16 (ok)

	Speed: Unknown!
	Duplex: Unknown! (255)
	Link detected: no (No cable)

3d:00.1 Ethernet controller: Broadcom Inc. and subsidiaries BCM57508 NetXtreme-E 10Gb/25Gb/40Gb/50Gb/100Gb/200Gb Ethernet (rev 11)
debug1
0000:3d:00.1
debug2
LnkCap:	Port #0, Speed 16GT/s, Width x16, ASPM not supported
LnkSta:	Speed 16GT/s (ok), Width x16 (ok)

	Speed: Unknown!
	Duplex: Unknown! (255)
	Link detected: no

3d:00.0 Ethernet controller: Broadcom Inc. and subsidiaries BCM57508 NetXtreme-E 10Gb/25Gb/40Gb/50Gb/100Gb/200Gb Ethernet (rev 11)
debug1
0000:3d:00.0
debug2
LnkCap:	Port #0, Speed 16GT/s, Width x16, ASPM not supported
LnkSta:	Speed 16GT/s (ok), Width x16 (ok)

	Speed: Unknown!
	Duplex: Unknown! (255)
	Link detected: no

87:00.1 Ethernet controller: Broadcom Inc. and subsidiaries BCM57508 NetXtreme-E 10Gb/25Gb/40Gb/50Gb/100Gb/200Gb Ethernet (rev 12)
debug1
0000:87:00.1
debug2
LnkCap:	Port #0, Speed 16GT/s, Width x16, ASPM not supported
LnkSta:	Speed 16GT/s (ok), Width x16 (ok)

	Speed: Unknown!
	Duplex: Unknown! (255)
	Link detected: no

87:00.0 Ethernet controller: Broadcom Inc. and subsidiaries BCM57508 NetXtreme-E 10Gb/25Gb/40Gb/50Gb/100Gb/200Gb Ethernet (rev 12)
debug1
0000:87:00.0
debug2
LnkCap:	Port #0, Speed 16GT/s, Width x16, ASPM not supported
LnkSta:	Speed 16GT/s (ok), Width x16 (ok)

	Speed: Unknown!
	Duplex: Unknown! (255)
	Link detected: no

85:00.0 Ethernet controller: Mellanox Technologies MT2894 Family [ConnectX-6 Lx]
debug1
0000:85:00.0
debug2
LnkCap:	Port #0, Speed 16GT/s, Width x8, ASPM not supported
LnkSta:	Speed 16GT/s (ok), Width x4 (downgraded)

	Speed: Unknown!
	Duplex: Unknown! (255)
	Link detected: no

85:00.1 Ethernet controller: Mellanox Technologies MT2894 Family [ConnectX-6 Lx]
debug1
0000:85:00.1
debug2
LnkCap:	Port #0, Speed 16GT/s, Width x8, ASPM not supported
LnkSta:	Speed 16GT/s (ok), Width x4 (downgraded)

	Speed: Unknown!
	Duplex: Unknown! (255)
	Link detected: no


04:00.0 Ethernet controller: Intel Corporation I210 Gigabit Backplane Connection (rev 03)
debug1
0000:04:00.0
debug2
LnkCap:	Port #2, Speed 2.5GT/s, Width x1, ASPM L0s L1, Exit Latency L0s <2us, L1 <16us
LnkSta:	Speed 2.5GT/s (ok), Width x1 (ok)

	Speed: 1000Mb/s
	Duplex: Full
	Link detected: yes




